09:13:56.080 [main] INFO  com.dmw.server.DemoLogbackApplication - Starting DemoLogbackApplication on Hugos-MacBook-Pro-3.local with PID 84406 (/Users/admin/Documents/demo-logback/target/classes started by admin in /Users/admin/Documents/demo-logback)
09:13:56.085 [main] INFO  com.dmw.server.DemoLogbackApplication - No active profile set, falling back to default profiles: default
09:13:56.322 [main] INFO  o.s.b.c.e.AnnotationConfigEmbeddedWebApplicationContext - Refreshing org.springframework.boot.context.embedded.AnnotationConfigEmbeddedWebApplicationContext@161b062a: startup date [Fri Feb 09 09:13:56 CST 2018]; root of context hierarchy
09:13:57.077 [background-preinit] INFO  o.h.validator.internal.util.Version - HV000001: Hibernate Validator 5.3.6.Final
09:13:59.243 [main] INFO  o.s.b.c.e.t.TomcatEmbeddedServletContainer - Tomcat initialized with port(s): 8080 (http)
09:13:59.266 [main] INFO  org.apache.catalina.core.StandardService - Starting service [Tomcat]
09:13:59.268 [main] INFO  org.apache.catalina.core.StandardEngine - Starting Servlet Engine: Apache Tomcat/8.5.27
09:13:59.472 [localhost-startStop-1] INFO  o.a.c.c.C.[Tomcat].[localhost].[/] - Initializing Spring embedded WebApplicationContext
09:13:59.472 [localhost-startStop-1] INFO  o.s.web.context.ContextLoader - Root WebApplicationContext: initialization completed in 3150 ms
09:13:59.763 [localhost-startStop-1] INFO  o.s.b.w.servlet.ServletRegistrationBean - Mapping servlet: 'dispatcherServlet' to [/]
09:13:59.770 [localhost-startStop-1] INFO  o.s.b.web.servlet.FilterRegistrationBean - Mapping filter: 'characterEncodingFilter' to: [/*]
09:13:59.771 [localhost-startStop-1] INFO  o.s.b.web.servlet.FilterRegistrationBean - Mapping filter: 'hiddenHttpMethodFilter' to: [/*]
09:13:59.771 [localhost-startStop-1] INFO  o.s.b.web.servlet.FilterRegistrationBean - Mapping filter: 'httpPutFormContentFilter' to: [/*]
09:13:59.771 [localhost-startStop-1] INFO  o.s.b.web.servlet.FilterRegistrationBean - Mapping filter: 'requestContextFilter' to: [/*]
09:14:00.242 [main] INFO  o.s.w.s.m.m.a.RequestMappingHandlerAdapter - Looking for @ControllerAdvice: org.springframework.boot.context.embedded.AnnotationConfigEmbeddedWebApplicationContext@161b062a: startup date [Fri Feb 09 09:13:56 CST 2018]; root of context hierarchy
09:14:00.383 [main] INFO  o.s.w.s.m.m.a.RequestMappingHandlerMapping - Mapped "{[/error]}" onto public org.springframework.http.ResponseEntity<java.util.Map<java.lang.String, java.lang.Object>> org.springframework.boot.autoconfigure.web.BasicErrorController.error(javax.servlet.http.HttpServletRequest)
09:14:00.385 [main] INFO  o.s.w.s.m.m.a.RequestMappingHandlerMapping - Mapped "{[/error],produces=[text/html]}" onto public org.springframework.web.servlet.ModelAndView org.springframework.boot.autoconfigure.web.BasicErrorController.errorHtml(javax.servlet.http.HttpServletRequest,javax.servlet.http.HttpServletResponse)
09:14:00.430 [main] INFO  o.s.w.s.handler.SimpleUrlHandlerMapping - Mapped URL path [/webjars/**] onto handler of type [class org.springframework.web.servlet.resource.ResourceHttpRequestHandler]
09:14:00.441 [main] INFO  o.s.w.s.handler.SimpleUrlHandlerMapping - Mapped URL path [/**] onto handler of type [class org.springframework.web.servlet.resource.ResourceHttpRequestHandler]
09:14:00.534 [main] INFO  o.s.w.s.handler.SimpleUrlHandlerMapping - Mapped URL path [/**/favicon.ico] onto handler of type [class org.springframework.web.servlet.resource.ResourceHttpRequestHandler]
09:14:00.850 [main] INFO  o.s.j.e.a.AnnotationMBeanExporter - Registering beans for JMX exposure on startup
09:14:00.871 [main] INFO  o.apache.coyote.http11.Http11NioProtocol - Initializing ProtocolHandler ["http-nio-8080"]
09:14:00.894 [main] INFO  o.apache.coyote.http11.Http11NioProtocol - Starting ProtocolHandler ["http-nio-8080"]
09:14:00.920 [main] INFO  o.apache.tomcat.util.net.NioSelectorPool - Using a shared selector for servlet write/read
09:14:00.946 [main] INFO  o.s.b.c.e.t.TomcatEmbeddedServletContainer - Tomcat started on port(s): 8080 (http)
09:14:00.953 [main] INFO  com.dmw.server.DemoLogbackApplication - Started DemoLogbackApplication in 5.374 seconds (JVM running for 6.522)
09:15:31.390 [Thread-3] INFO  o.s.b.c.e.AnnotationConfigEmbeddedWebApplicationContext - Closing org.springframework.boot.context.embedded.AnnotationConfigEmbeddedWebApplicationContext@161b062a: startup date [Fri Feb 09 09:13:56 CST 2018]; root of context hierarchy
09:15:31.392 [Thread-3] INFO  o.s.j.e.a.AnnotationMBeanExporter - Unregistering JMX-exposed beans on shutdown
09:15:51.304 [main] INFO  com.dmw.server.DemoLogbackApplication - Starting DemoLogbackApplication on Hugos-MacBook-Pro-3.local with PID 84660 (/Users/admin/Documents/demo-logback/target/classes started by admin in /Users/admin/Documents/demo-logback)
09:15:51.310 [main] INFO  com.dmw.server.DemoLogbackApplication - No active profile set, falling back to default profiles: default
09:15:51.479 [main] INFO  o.s.b.c.e.AnnotationConfigEmbeddedWebApplicationContext - Refreshing org.springframework.boot.context.embedded.AnnotationConfigEmbeddedWebApplicationContext@161b062a: startup date [Fri Feb 09 09:15:51 CST 2018]; root of context hierarchy
09:15:51.880 [background-preinit] INFO  o.h.validator.internal.util.Version - HV000001: Hibernate Validator 5.3.6.Final
09:15:53.469 [main] INFO  o.s.b.c.e.t.TomcatEmbeddedServletContainer - Tomcat initialized with port(s): 8080 (http)
09:15:53.500 [main] INFO  org.apache.catalina.core.StandardService - Starting service [Tomcat]
09:15:53.502 [main] INFO  org.apache.catalina.core.StandardEngine - Starting Servlet Engine: Apache Tomcat/8.5.27
09:15:53.639 [localhost-startStop-1] INFO  o.a.c.c.C.[Tomcat].[localhost].[/] - Initializing Spring embedded WebApplicationContext
09:15:53.640 [localhost-startStop-1] INFO  o.s.web.context.ContextLoader - Root WebApplicationContext: initialization completed in 2161 ms
09:15:53.820 [localhost-startStop-1] INFO  o.s.b.w.servlet.ServletRegistrationBean - Mapping servlet: 'dispatcherServlet' to [/]
09:15:53.824 [localhost-startStop-1] INFO  o.s.b.web.servlet.FilterRegistrationBean - Mapping filter: 'characterEncodingFilter' to: [/*]
09:15:53.825 [localhost-startStop-1] INFO  o.s.b.web.servlet.FilterRegistrationBean - Mapping filter: 'hiddenHttpMethodFilter' to: [/*]
09:15:53.825 [localhost-startStop-1] INFO  o.s.b.web.servlet.FilterRegistrationBean - Mapping filter: 'httpPutFormContentFilter' to: [/*]
09:15:53.826 [localhost-startStop-1] INFO  o.s.b.web.servlet.FilterRegistrationBean - Mapping filter: 'requestContextFilter' to: [/*]
09:15:54.197 [main] INFO  o.s.w.s.m.m.a.RequestMappingHandlerAdapter - Looking for @ControllerAdvice: org.springframework.boot.context.embedded.AnnotationConfigEmbeddedWebApplicationContext@161b062a: startup date [Fri Feb 09 09:15:51 CST 2018]; root of context hierarchy
09:15:54.295 [main] INFO  o.s.w.s.m.m.a.RequestMappingHandlerMapping - Mapped "{[/error]}" onto public org.springframework.http.ResponseEntity<java.util.Map<java.lang.String, java.lang.Object>> org.springframework.boot.autoconfigure.web.BasicErrorController.error(javax.servlet.http.HttpServletRequest)
09:15:54.297 [main] INFO  o.s.w.s.m.m.a.RequestMappingHandlerMapping - Mapped "{[/error],produces=[text/html]}" onto public org.springframework.web.servlet.ModelAndView org.springframework.boot.autoconfigure.web.BasicErrorController.errorHtml(javax.servlet.http.HttpServletRequest,javax.servlet.http.HttpServletResponse)
09:15:54.337 [main] INFO  o.s.w.s.handler.SimpleUrlHandlerMapping - Mapped URL path [/webjars/**] onto handler of type [class org.springframework.web.servlet.resource.ResourceHttpRequestHandler]
09:15:54.337 [main] INFO  o.s.w.s.handler.SimpleUrlHandlerMapping - Mapped URL path [/**] onto handler of type [class org.springframework.web.servlet.resource.ResourceHttpRequestHandler]
09:15:54.427 [main] INFO  o.s.w.s.handler.SimpleUrlHandlerMapping - Mapped URL path [/**/favicon.ico] onto handler of type [class org.springframework.web.servlet.resource.ResourceHttpRequestHandler]
09:15:54.689 [main] INFO  o.s.j.e.a.AnnotationMBeanExporter - Registering beans for JMX exposure on startup
09:15:54.715 [main] INFO  o.apache.coyote.http11.Http11NioProtocol - Initializing ProtocolHandler ["http-nio-8080"]
09:15:54.733 [main] INFO  o.apache.coyote.http11.Http11NioProtocol - Starting ProtocolHandler ["http-nio-8080"]
09:15:54.756 [main] INFO  o.apache.tomcat.util.net.NioSelectorPool - Using a shared selector for servlet write/read
09:15:54.774 [main] INFO  o.s.b.c.e.t.TomcatEmbeddedServletContainer - Tomcat started on port(s): 8080 (http)
09:15:54.781 [main] INFO  com.dmw.server.DemoLogbackApplication - Started DemoLogbackApplication in 4.13 seconds (JVM running for 4.939)
09:16:36.550 [Thread-3] INFO  o.s.b.c.e.AnnotationConfigEmbeddedWebApplicationContext - Closing org.springframework.boot.context.embedded.AnnotationConfigEmbeddedWebApplicationContext@161b062a: startup date [Fri Feb 09 09:15:51 CST 2018]; root of context hierarchy
09:16:36.551 [Thread-3] INFO  o.s.j.e.a.AnnotationMBeanExporter - Unregistering JMX-exposed beans on shutdown
09:16:39.257 [main] INFO  com.dmw.server.DemoLogbackApplication - Starting DemoLogbackApplication on Hugos-MacBook-Pro-3.local with PID 84791 (/Users/admin/Documents/demo-logback/target/classes started by admin in /Users/admin/Documents/demo-logback)
09:16:39.261 [main] INFO  com.dmw.server.DemoLogbackApplication - No active profile set, falling back to default profiles: default
09:16:39.561 [main] INFO  o.s.b.c.e.AnnotationConfigEmbeddedWebApplicationContext - Refreshing org.springframework.boot.context.embedded.AnnotationConfigEmbeddedWebApplicationContext@161b062a: startup date [Fri Feb 09 09:16:39 CST 2018]; root of context hierarchy
09:16:40.362 [background-preinit] INFO  o.h.validator.internal.util.Version - HV000001: Hibernate Validator 5.3.6.Final
09:16:41.878 [main] INFO  o.s.b.c.e.t.TomcatEmbeddedServletContainer - Tomcat initialized with port(s): 8080 (http)
09:16:41.893 [main] INFO  org.apache.catalina.core.StandardService - Starting service [Tomcat]
09:16:41.895 [main] INFO  org.apache.catalina.core.StandardEngine - Starting Servlet Engine: Apache Tomcat/8.5.27
09:16:42.151 [localhost-startStop-1] INFO  o.a.c.c.C.[Tomcat].[localhost].[/] - Initializing Spring embedded WebApplicationContext
09:16:42.151 [localhost-startStop-1] INFO  o.s.web.context.ContextLoader - Root WebApplicationContext: initialization completed in 2590 ms
09:16:42.296 [localhost-startStop-1] INFO  o.s.b.w.servlet.ServletRegistrationBean - Mapping servlet: 'dispatcherServlet' to [/]
09:16:42.301 [localhost-startStop-1] INFO  o.s.b.web.servlet.FilterRegistrationBean - Mapping filter: 'characterEncodingFilter' to: [/*]
09:16:42.302 [localhost-startStop-1] INFO  o.s.b.web.servlet.FilterRegistrationBean - Mapping filter: 'hiddenHttpMethodFilter' to: [/*]
09:16:42.303 [localhost-startStop-1] INFO  o.s.b.web.servlet.FilterRegistrationBean - Mapping filter: 'httpPutFormContentFilter' to: [/*]
09:16:42.303 [localhost-startStop-1] INFO  o.s.b.web.servlet.FilterRegistrationBean - Mapping filter: 'requestContextFilter' to: [/*]
09:16:42.713 [main] INFO  o.s.w.s.m.m.a.RequestMappingHandlerAdapter - Looking for @ControllerAdvice: org.springframework.boot.context.embedded.AnnotationConfigEmbeddedWebApplicationContext@161b062a: startup date [Fri Feb 09 09:16:39 CST 2018]; root of context hierarchy
09:16:42.829 [main] INFO  o.s.w.s.m.m.a.RequestMappingHandlerMapping - Mapped "{[/error]}" onto public org.springframework.http.ResponseEntity<java.util.Map<java.lang.String, java.lang.Object>> org.springframework.boot.autoconfigure.web.BasicErrorController.error(javax.servlet.http.HttpServletRequest)
09:16:42.831 [main] INFO  o.s.w.s.m.m.a.RequestMappingHandlerMapping - Mapped "{[/error],produces=[text/html]}" onto public org.springframework.web.servlet.ModelAndView org.springframework.boot.autoconfigure.web.BasicErrorController.errorHtml(javax.servlet.http.HttpServletRequest,javax.servlet.http.HttpServletResponse)
09:16:42.879 [main] INFO  o.s.w.s.handler.SimpleUrlHandlerMapping - Mapped URL path [/webjars/**] onto handler of type [class org.springframework.web.servlet.resource.ResourceHttpRequestHandler]
09:16:42.879 [main] INFO  o.s.w.s.handler.SimpleUrlHandlerMapping - Mapped URL path [/**] onto handler of type [class org.springframework.web.servlet.resource.ResourceHttpRequestHandler]
09:16:42.917 [main] INFO  o.s.w.s.handler.SimpleUrlHandlerMapping - Mapped URL path [/**/favicon.ico] onto handler of type [class org.springframework.web.servlet.resource.ResourceHttpRequestHandler]
09:16:43.259 [main] INFO  o.s.j.e.a.AnnotationMBeanExporter - Registering beans for JMX exposure on startup
09:16:43.291 [main] INFO  o.apache.coyote.http11.Http11NioProtocol - Initializing ProtocolHandler ["http-nio-8080"]
09:16:43.313 [main] INFO  o.apache.coyote.http11.Http11NioProtocol - Starting ProtocolHandler ["http-nio-8080"]
09:16:43.351 [main] INFO  o.apache.tomcat.util.net.NioSelectorPool - Using a shared selector for servlet write/read
09:16:43.372 [main] INFO  o.s.b.c.e.t.TomcatEmbeddedServletContainer - Tomcat started on port(s): 8080 (http)
09:16:43.379 [main] INFO  com.dmw.server.DemoLogbackApplication - Started DemoLogbackApplication in 4.631 seconds (JVM running for 6.068)
09:17:12.523 [Thread-3] INFO  o.s.b.c.e.AnnotationConfigEmbeddedWebApplicationContext - Closing org.springframework.boot.context.embedded.AnnotationConfigEmbeddedWebApplicationContext@161b062a: startup date [Fri Feb 09 09:16:39 CST 2018]; root of context hierarchy
09:17:12.525 [Thread-3] INFO  o.s.j.e.a.AnnotationMBeanExporter - Unregistering JMX-exposed beans on shutdown
09:17:15.369 [main] INFO  com.dmw.server.DemoLogbackApplication - Starting DemoLogbackApplication on Hugos-MacBook-Pro-3.local with PID 84801 (/Users/admin/Documents/demo-logback/target/classes started by admin in /Users/admin/Documents/demo-logback)
09:17:15.428 [main] INFO  com.dmw.server.DemoLogbackApplication - No active profile set, falling back to default profiles: default
09:17:15.746 [main] INFO  o.s.b.c.e.AnnotationConfigEmbeddedWebApplicationContext - Refreshing org.springframework.boot.context.embedded.AnnotationConfigEmbeddedWebApplicationContext@161b062a: startup date [Fri Feb 09 09:17:15 CST 2018]; root of context hierarchy
09:17:16.646 [background-preinit] INFO  o.h.validator.internal.util.Version - HV000001: Hibernate Validator 5.3.6.Final
09:17:18.149 [main] INFO  o.s.b.c.e.t.TomcatEmbeddedServletContainer - Tomcat initialized with port(s): 8080 (http)
09:17:18.166 [main] INFO  org.apache.catalina.core.StandardService - Starting service [Tomcat]
09:17:18.168 [main] INFO  org.apache.catalina.core.StandardEngine - Starting Servlet Engine: Apache Tomcat/8.5.27
09:17:18.303 [localhost-startStop-1] INFO  o.a.c.c.C.[Tomcat].[localhost].[/] - Initializing Spring embedded WebApplicationContext
09:17:18.304 [localhost-startStop-1] INFO  o.s.web.context.ContextLoader - Root WebApplicationContext: initialization completed in 2559 ms
09:17:18.526 [localhost-startStop-1] INFO  o.s.b.w.servlet.ServletRegistrationBean - Mapping servlet: 'dispatcherServlet' to [/]
09:17:18.531 [localhost-startStop-1] INFO  o.s.b.web.servlet.FilterRegistrationBean - Mapping filter: 'characterEncodingFilter' to: [/*]
09:17:18.532 [localhost-startStop-1] INFO  o.s.b.web.servlet.FilterRegistrationBean - Mapping filter: 'hiddenHttpMethodFilter' to: [/*]
09:17:18.532 [localhost-startStop-1] INFO  o.s.b.web.servlet.FilterRegistrationBean - Mapping filter: 'httpPutFormContentFilter' to: [/*]
09:17:18.532 [localhost-startStop-1] INFO  o.s.b.web.servlet.FilterRegistrationBean - Mapping filter: 'requestContextFilter' to: [/*]
09:17:18.990 [main] INFO  o.s.w.s.m.m.a.RequestMappingHandlerAdapter - Looking for @ControllerAdvice: org.springframework.boot.context.embedded.AnnotationConfigEmbeddedWebApplicationContext@161b062a: startup date [Fri Feb 09 09:17:15 CST 2018]; root of context hierarchy
09:17:19.077 [main] INFO  o.s.w.s.m.m.a.RequestMappingHandlerMapping - Mapped "{[/error]}" onto public org.springframework.http.ResponseEntity<java.util.Map<java.lang.String, java.lang.Object>> org.springframework.boot.autoconfigure.web.BasicErrorController.error(javax.servlet.http.HttpServletRequest)
09:17:19.080 [main] INFO  o.s.w.s.m.m.a.RequestMappingHandlerMapping - Mapped "{[/error],produces=[text/html]}" onto public org.springframework.web.servlet.ModelAndView org.springframework.boot.autoconfigure.web.BasicErrorController.errorHtml(javax.servlet.http.HttpServletRequest,javax.servlet.http.HttpServletResponse)
09:17:19.130 [main] INFO  o.s.w.s.handler.SimpleUrlHandlerMapping - Mapped URL path [/webjars/**] onto handler of type [class org.springframework.web.servlet.resource.ResourceHttpRequestHandler]
09:17:19.130 [main] INFO  o.s.w.s.handler.SimpleUrlHandlerMapping - Mapped URL path [/**] onto handler of type [class org.springframework.web.servlet.resource.ResourceHttpRequestHandler]
09:17:19.170 [main] INFO  o.s.w.s.handler.SimpleUrlHandlerMapping - Mapped URL path [/**/favicon.ico] onto handler of type [class org.springframework.web.servlet.resource.ResourceHttpRequestHandler]
09:17:19.443 [main] INFO  o.s.j.e.a.AnnotationMBeanExporter - Registering beans for JMX exposure on startup
09:17:19.461 [main] INFO  o.apache.coyote.http11.Http11NioProtocol - Initializing ProtocolHandler ["http-nio-8080"]
09:17:19.474 [main] INFO  o.apache.coyote.http11.Http11NioProtocol - Starting ProtocolHandler ["http-nio-8080"]
09:17:19.496 [main] INFO  o.apache.tomcat.util.net.NioSelectorPool - Using a shared selector for servlet write/read
09:17:19.516 [main] INFO  o.s.b.c.e.t.TomcatEmbeddedServletContainer - Tomcat started on port(s): 8080 (http)
09:17:19.523 [main] INFO  com.dmw.server.DemoLogbackApplication - Started DemoLogbackApplication in 4.781 seconds (JVM running for 5.868)
